1 / 3 - FATAL - Húsvét napján korán keltem,
1 / 3 - WARN  - Ünneplőbe felöltöztem.
1 / 3 - INFO  - Rózsvízzel elindultam,
1 / 3 - ERROR - E kis házba bekopogtam
1 / 3 - INFO  - Üdvözlöm a ház lakóit
1 / 3 - FATAL - Keresek egy kis leányt itt.
1 / 3 - WARN  - Rózsvízzel locsolkodom,
2 / 3 - FATAL - Húsvét napján korán keltem,
2 / 3 - WARN  - Ünneplőbe felöltöztem.
2 / 3 - INFO  - Rózsvízzel elindultam,
2 / 3 - ERROR - E kis házba bekopogtam
2 / 3 - INFO  - Üdvözlöm a ház lakóit
2 / 3 - FATAL - Keresek egy kis leányt itt.
2 / 3 - WARN  - Rózsvízzel locsolkodom,
3 / 3 - FATAL - Húsvét napján korán keltem,
3 / 3 - WARN  - Ünneplőbe felöltöztem.
3 / 3 - INFO  - Rózsvízzel elindultam,
3 / 3 - ERROR - E kis házba bekopogtam
3 / 3 - INFO  - Üdvözlöm a ház lakóit
3 / 3 - FATAL - Keresek egy kis leányt itt.
3 / 3 - WARN  - Rózsvízzel locsolkodom,
